2020-10-30 13:40:11 WARN  MainApplication:110 - Insert data ! 
2020-10-30 13:40:11 INFO  MainApplication:22 - Start inputInfoStudent !
2020-10-30 13:42:59 WARN  MainApplication:110 - Insert data ! 
2020-10-30 13:42:59 INFO  MainApplication:22 - Start inputInfoStudent !
2020-10-30 13:43:42 INFO  MainApplication:32 - End inputInfoStudent !
2020-10-30 13:43:45 WARN  MainApplication:114 - Get data !
2020-10-30 13:43:45 INFO  MainApplication:36 - Start showInfoStudent !
2020-10-30 13:43:45 INFO  Student:24 -  Student ID: 1 Student Name: Phunugyen Student Gender: 1 Student Adress: Phunguyen
2020-10-30 13:43:45 INFO  MainApplication:42 - End showInfoStudent !
2020-10-30 13:43:55 WARN  MainApplication:118 - Writing file !
2020-10-30 13:43:55 ERROR MainApplication:62 - Create file failure!
2020-10-30 13:44:07 WARN  MainApplication:122 - Reading file !
2020-10-30 13:44:07 ERROR MainApplication:92 - File not exists
2020-10-30 13:45:56 WARN  MainApplication:110 - Insert data ! 
2020-10-30 13:45:56 INFO  MainApplication:22 - Start inputInfoStudent !
2020-10-30 13:46:12 WARN  MainApplication:110 - Insert data ! 
2020-10-30 13:46:12 INFO  MainApplication:22 - Start inputInfoStudent !
2020-10-30 13:46:23 INFO  MainApplication:32 - End inputInfoStudent !
2020-10-30 13:46:25 WARN  MainApplication:114 - Get data !
2020-10-30 13:46:25 INFO  MainApplication:36 - Start showInfoStudent !
2020-10-30 13:46:25 INFO  Student:24 -  Student ID: 1 Student Name: phunguyen Student Gender: 1 Student Adress: phunguyen
2020-10-30 13:46:25 INFO  MainApplication:42 - End showInfoStudent !
2020-10-30 13:46:27 WARN  MainApplication:118 - Writing file !
2020-10-30 13:46:27 INFO  MainApplication:48 - Create file successful.Locate file: !E:\work\ndnp\training\ReadWriteFile
2020-10-30 13:46:27 ERROR MainApplication:59 - Error while write file !!!. Message: E:\work\ndnp\training\ReadWriteFile (Access is denied)
2020-10-30 13:47:47 WARN  MainApplication:110 - Insert data ! 
2020-10-30 13:47:47 INFO  MainApplication:22 - Start inputInfoStudent !
2020-10-30 13:48:00 INFO  MainApplication:32 - End inputInfoStudent !
2020-10-30 13:48:13 WARN  MainApplication:114 - Get data !
2020-10-30 13:48:13 INFO  MainApplication:36 - Start showInfoStudent !
2020-10-30 13:48:13 INFO  Student:24 -  Student ID: 1 Student Name: phunguhyen Student Gender: 1 Student Adress: phungyen
2020-10-30 13:48:13 INFO  MainApplication:42 - End showInfoStudent !
2020-10-30 13:48:20 WARN  MainApplication:118 - Writing file !
2020-10-30 13:48:20 ERROR MainApplication:62 - Create file failure!
2020-10-30 13:48:35 WARN  MainApplication:122 - Reading file !
2020-10-30 13:48:35 ERROR MainApplication:92 - File not exists
